<?xml version="1.0" encoding="UTF-8"?>
<!-- Generated by org.testng.reporters.JUnitXMLReporter -->
<testsuite hostname="NAG1-LDL-41303" ignored="0" name="web_automation" tests="1" failures="1" timestamp="04 Aug 2018 12:28:13 GMT" time="237.674" errors="0">
  <testcase name="browserLaunch" time="237.612" classname="com.crossover.app.TestCases">
    <failure type="java.lang.NullPointerException">
      <![CDATA[java.lang.NullPointerException
at com.crossover.app.utils.ReportGenrator.writeDataInExcel(ReportGenrator.java:33)
at com.crossover.app.TestCases.browserLaunch(TestCases.java:71)
... Removed 24 stack frames]]>
    </failure>
  </testcase> <!-- browserLaunch -->
</testsuite> <!-- web_automation -->
